<?xml version="1.0" encoding="UTF-8"?>
<!-- Generated by org.testng.reporters.JUnitXMLReporter -->
<testsuite ignored="0" hostname="LTIN200748" failures="0" tests="3" name="Default test" time="138.826" errors="0" timestamp="2024-02-22T13:11:22 IST">
  <testcase classname="testCases.TC_001_WebDevelopmentTest" name="WebDevelopTest" time="44.342"/>
  <testcase classname="testCases.TC_001_WebDevelopmentTest" name="langLearningTest" time="12.344"/>
  <testcase classname="testCases.TC_001_WebDevelopmentTest" name="ForEnterpriseTest" time="51.879"/>
</testsuite> <!-- Default test -->
