<?xml version="1.0" encoding="UTF-8"?>
<!-- Generated by org.testng.reporters.JUnitXMLReporter -->
<testsuite ignored="4" hostname="LTIN200748" failures="0" tests="24" name="ChromeTest" time="302.655" errors="0" timestamp="2024-02-23T11:06:15 IST">
  <testcase classname="testCases.TC_001_WebDevelopmentTest" name="enterCourseName" time="38.753"/>
  <testcase classname="testCases.TC_001_WebDevelopmentTest" name="clickLanguage" time="2.61"/>
  <testcase classname="testCases.TC_001_WebDevelopmentTest" name="clickLevel" time="2.49"/>
  <testcase classname="testCases.TC_001_WebDevelopmentTest" name="printCourse1" time="3.371"/>
  <testcase classname="testCases.TC_001_WebDevelopmentTest" name="printDetails1" time="37.035"/>
  <testcase classname="testCases.TC_001_WebDevelopmentTest" name="printCourse2" time="0.477"/>
  <testcase classname="testCases.TC_001_WebDevelopmentTest" name="printDetails2" time="37.429"/>
  <testcase classname="testCases.TC_002_LanguageLearningTest" name="enterNewCourse" time="2.788"/>
  <testcase classname="testCases.TC_002_LanguageLearningTest" name="clickShowMore" time="0.697"/>
  <testcase classname="testCases.TC_002_LanguageLearningTest" name="printTotalLangs" time="2.282"/>
  <testcase classname="testCases.TC_002_LanguageLearningTest" name="printTotalLevels" time="1.053"/>
  <testcase classname="testCases.TC_003_ForEnterpriseTest" name="clickCourseTitle" time="36.232"/>
  <testcase classname="testCases.TC_003_ForEnterpriseTest" name="clickEnterpriseLink" time="37.307"/>
  <testcase classname="testCases.TC_003_ForEnterpriseTest" name="clickWeOfferLink" time="33.694"/>
  <testcase classname="testCases.TC_003_ForEnterpriseTest" name="clickLearnMoreButton" time="37.114"/>
  <testcase classname="testCases.TC_003_ForEnterpriseTest" name="setFirstLastName" time="1.651"/>
  <testcase classname="testCases.TC_003_ForEnterpriseTest" name="setEmailId" time="0.372"/>
  <testcase classname="testCases.TC_003_ForEnterpriseTest" name="setMobileNo" time="0.297"/>
  <testcase classname="testCases.TC_003_ForEnterpriseTest" name="setInstituteDetails" time="0.819"/>
  <testcase classname="testCases.TC_003_ForEnterpriseTest" name="SetJobRole" time="0.384"/>
  <testcase classname="testCases.TC_003_ForEnterpriseTest" name="setDepartmentDetails" time="1.341"/>
  <testcase classname="testCases.TC_003_ForEnterpriseTest" name="setCountryState" time="0.839"/>
  <testcase classname="testCases.TC_003_ForEnterpriseTest" name="clickSubmitButton" time="0.372"/>
  <testcase classname="testCases.TC_003_ForEnterpriseTest" name="verifyEmailId" time="2.526"/>
  <testcase classname="testBase.BaseClass" name="@AfterTest teardown" time="0.0">
    <ignored/>
  </testcase> <!-- @AfterTest teardown -->
  <testcase classname="testBase.BaseClass" name="@AfterTest teardown" time="0.0">
    <ignored/>
  </testcase> <!-- @AfterTest teardown -->
  <testcase classname="testBase.BaseClass" name="@BeforeTest setup" time="0.0">
    <ignored/>
  </testcase> <!-- @BeforeTest setup -->
  <testcase classname="testBase.BaseClass" name="@BeforeTest setup" time="0.0">
    <ignored/>
  </testcase> <!-- @BeforeTest setup -->
</testsuite> <!-- ChromeTest -->
