<?xml version="1.0" encoding="UTF-8"?>
<!-- Generated by org.testng.reporters.JUnitXMLReporter -->
<testsuite ignored="4" hostname="LTIN200748" failures="0" tests="24" name="EdgeTest" time="335.65" errors="0" timestamp="2024-02-23T11:11:50 IST">
  <testcase classname="testCases.TC_001_WebDevelopmentTest" name="enterCourseName" time="41.55"/>
  <testcase classname="testCases.TC_001_WebDevelopmentTest" name="clickLanguage" time="1.068"/>
  <testcase classname="testCases.TC_001_WebDevelopmentTest" name="clickLevel" time="3.301"/>
  <testcase classname="testCases.TC_001_WebDevelopmentTest" name="printCourse1" time="2.721"/>
  <testcase classname="testCases.TC_001_WebDevelopmentTest" name="printDetails1" time="58.964"/>
  <testcase classname="testCases.TC_001_WebDevelopmentTest" name="printCourse2" time="0.774"/>
  <testcase classname="testCases.TC_001_WebDevelopmentTest" name="printDetails2" time="38.52"/>
  <testcase classname="testCases.TC_002_LanguageLearningTest" name="enterNewCourse" time="2.939"/>
  <testcase classname="testCases.TC_002_LanguageLearningTest" name="clickShowMore" time="0.635"/>
  <testcase classname="testCases.TC_002_LanguageLearningTest" name="printTotalLangs" time="3.426"/>
  <testcase classname="testCases.TC_002_LanguageLearningTest" name="printTotalLevels" time="1.306"/>
  <testcase classname="testCases.TC_003_ForEnterpriseTest" name="clickCourseTitle" time="38.164"/>
  <testcase classname="testCases.TC_003_ForEnterpriseTest" name="clickEnterpriseLink" time="39.203"/>
  <testcase classname="testCases.TC_003_ForEnterpriseTest" name="clickWeOfferLink" time="34.802"/>
  <testcase classname="testCases.TC_003_ForEnterpriseTest" name="clickLearnMoreButton" time="35.918"/>
  <testcase classname="testCases.TC_003_ForEnterpriseTest" name="setFirstLastName" time="1.411"/>
  <testcase classname="testCases.TC_003_ForEnterpriseTest" name="setEmailId" time="0.309"/>
  <testcase classname="testCases.TC_003_ForEnterpriseTest" name="setMobileNo" time="0.299"/>
  <testcase classname="testCases.TC_003_ForEnterpriseTest" name="setInstituteDetails" time="0.826"/>
  <testcase classname="testCases.TC_003_ForEnterpriseTest" name="SetJobRole" time="1.64"/>
  <testcase classname="testCases.TC_003_ForEnterpriseTest" name="setDepartmentDetails" time="1.435"/>
  <testcase classname="testCases.TC_003_ForEnterpriseTest" name="setCountryState" time="0.868"/>
  <testcase classname="testCases.TC_003_ForEnterpriseTest" name="clickSubmitButton" time="0.33"/>
  <testcase classname="testCases.TC_003_ForEnterpriseTest" name="verifyEmailId" time="3.664"/>
  <testcase classname="testBase.BaseClass" name="@AfterTest teardown" time="0.0">
    <ignored/>
  </testcase> <!-- @AfterTest teardown -->
  <testcase classname="testBase.BaseClass" name="@AfterTest teardown" time="0.0">
    <ignored/>
  </testcase> <!-- @AfterTest teardown -->
  <testcase classname="testBase.BaseClass" name="@BeforeTest setup" time="0.0">
    <ignored/>
  </testcase> <!-- @BeforeTest setup -->
  <testcase classname="testBase.BaseClass" name="@BeforeTest setup" time="0.0">
    <ignored/>
  </testcase> <!-- @BeforeTest setup -->
</testsuite> <!-- EdgeTest -->
