<?xml version="1.0" encoding="UTF-8"?>
<!-- Generated by org.testng.reporters.JUnitXMLReporter -->
<testsuite ignored="4" hostname="LTIN216136" failures="0" tests="24" name="Test" time="260.814" errors="0" timestamp="2024-03-11T12:14:50 IST">
  <testcase classname="testCases.TC_001" name="enterCourseName" time="25.515"/>
  <testcase classname="testCases.TC_001" name="clickLanguage" time="3.572"/>
  <testcase classname="testCases.TC_001" name="clickLevel" time="1.305"/>
  <testcase classname="testCases.TC_001" name="printCourse1" time="3.245"/>
  <testcase classname="testCases.TC_001" name="printDetails1" time="26.318"/>
  <testcase classname="testCases.TC_001" name="printCourse2" time="0.714"/>
  <testcase classname="testCases.TC_001" name="printDetails2" time="27.897"/>
  <testcase classname="testCases.TC_002" name="enterNewCourse" time="3.226"/>
  <testcase classname="testCases.TC_002" name="clickShowMore" time="1.06"/>
  <testcase classname="testCases.TC_002" name="printTotalLangs" time="6.6"/>
  <testcase classname="testCases.TC_002" name="printTotalLevels" time="2.825"/>
  <testcase classname="testCases.TC_003" name="clickCourseTitle" time="28.08"/>
  <testcase classname="testCases.TC_003" name="clickEnterpriseLink" time="29.058"/>
  <testcase classname="testCases.TC_003" name="clickWeOfferLink" time="26.233"/>
  <testcase classname="testCases.TC_003" name="clickLearnMoreButton" time="26.61"/>
  <testcase classname="testCases.TC_003" name="setFirstLastName" time="1.396"/>
  <testcase classname="testCases.TC_003" name="setEmailId" time="0.7"/>
  <testcase classname="testCases.TC_003" name="setMobileNo" time="0.437"/>
  <testcase classname="testCases.TC_003" name="setInstituteDetails" time="0.662"/>
  <testcase classname="testCases.TC_003" name="SetJobRole" time="0.5"/>
  <testcase classname="testCases.TC_003" name="setDepartmentDetails" time="1.599"/>
  <testcase classname="testCases.TC_003" name="setCountryState" time="0.849"/>
  <testcase classname="testCases.TC_003" name="clickSubmitButton" time="0.282"/>
  <testcase classname="testCases.TC_003" name="verifyEmailId" time="3.516"/>
  <testcase classname="testBase.BaseClass" name="@BeforeTest setup" time="0.0">
    <ignored/>
  </testcase> <!-- @BeforeTest setup -->
  <testcase classname="testBase.BaseClass" name="@AfterTest teardown" time="0.0">
    <ignored/>
  </testcase> <!-- @AfterTest teardown -->
  <testcase classname="testBase.BaseClass" name="@AfterTest teardown" time="0.0">
    <ignored/>
  </testcase> <!-- @AfterTest teardown -->
  <testcase classname="testBase.BaseClass" name="@BeforeTest setup" time="0.0">
    <ignored/>
  </testcase> <!-- @BeforeTest setup -->
</testsuite> <!-- Test -->
